<?xml version="1.0" encoding="UTF-8"?>
<!-- Generated by org.testng.reporters.JUnitReportReporter -->
<testsuite skipped="0" hostname="DESKTOP-D8HVV2R" name="Part4.Part4Test" tests="2" failures="0" timestamp="15 Dec 2016 17:40:31 GMT" time="7.665" errors="0">
  <testcase name="testAddMinutesText" time="5.079" classname="Part4.Part4Test"/>
  <testcase name="testGreetingText" time="2.586" classname="Part4.Part4Test"/>
</testsuite> <!-- Part4.Part4Test -->
