<?xml version="1.0" encoding="UTF-8"?>
<!-- Generated by org.testng.reporters.JUnitReportReporter -->
<testsuite skipped="0" hostname="DESKTOP-D8HVV2R" name="Part2.Part2Test" tests="1" failures="0" timestamp="13 Dec 2016 18:08:13 GMT" time="3.085" errors="0">
  <testcase name="test" time="3.085" classname="Part2.Part2Test"/>
</testsuite> <!-- Part2.Part2Test -->
