<?xml version="1.0" encoding="UTF-8"?>
<!-- Generated by org.testng.reporters.JUnitReportReporter -->
<testsuite skipped="0" hostname="DESKTOP-D8HVV2R" name="Part5.Part5Test" tests="1" failures="0" timestamp="15 Dec 2016 17:52:27 GMT" time="3.072" errors="0">
  <testcase name="helloWorldpdf" time="3.072" classname="Part5.Part5Test"/>
</testsuite> <!-- Part5.Part5Test -->
