<?xml version="1.0" encoding="UTF-8"?>
<!-- Generated by org.testng.reporters.JUnitReportReporter -->
<testsuite skipped="0" hostname="DESKTOP-D8HVV2R" name="Part7.Part7Test" tests="1" failures="0" timestamp="21 Dec 2016 21:42:19 GMT" time="5.194" errors="0">
  <testcase name="verifyActivityEndpoint" time="5.194" classname="Part7.Part7Test"/>
</testsuite> <!-- Part7.Part7Test -->
