<?xml version="1.0" encoding="UTF-8"?>
<!-- Generated by org.testng.reporters.JUnitReportReporter -->
<testsuite skipped="0" hostname="DESKTOP-D8HVV2R" name="Part6.Part6Test" tests="9" failures="0" timestamp="15 Dec 2016 22:41:49 GMT" time="21.023" errors="0">
  <testcase name="testAddMinutesTextEnglish" time="2.531" classname="Part6.Part6Test"/>
  <testcase name="testAddMinutesNavigation" time="2.743" classname="Part6.Part6Test"/>
  <testcase name="verifyGoalElementsPresent" time="2.454" classname="Part6.Part6Test"/>
  <testcase name="helloWorldpdf" time="0.031" classname="Part6.Part6Test"/>
  <testcase name="testGreetingText" time="2.467" classname="Part6.Part6Test"/>
  <testcase name="verifyGoalPageText" time="2.465" classname="Part6.Part6Test"/>
  <testcase name="verifyGoalPageWorks" time="2.740" classname="Part6.Part6Test"/>
  <testcase name="testAddMinutesElementsPresent" time="3.106" classname="Part6.Part6Test"/>
  <testcase name="testAddMinutesTextSpanish" time="2.486" classname="Part6.Part6Test"/>
</testsuite> <!-- Part6.Part6Test -->
